[07-Oct-2016 03:58:36 UTC] PHP Warning:  Invalid argument supplied for foreach() in /srv/www/vrdg/htdocs/wp-content/mu-plugins/wpengine-common/plugin.php on line 984
[07-Oct-2016 03:58:36 UTC] PHP Warning:  Invalid argument supplied for foreach() in /srv/www/vrdg/htdocs/wp-content/mu-plugins/wpengine-common/plugin.php on line 984
[07-Oct-2016 03:58:47 UTC] PHP Notice:  Use of undefined constant PWP_NAME - assumed 'PWP_NAME' in /srv/www/vrdg/htdocs/wp-content/mu-plugins/wpengine-common/plugin.php on line 447
[07-Oct-2016 03:58:47 UTC] PHP Notice:  Use of undefined constant PWP_NAME - assumed 'PWP_NAME' in /srv/www/vrdg/htdocs/wp-content/mu-plugins/wpengine-common/class.deployment.php on line 17
[07-Oct-2016 03:58:47 UTC] PHP Notice:  Use of undefined constant PWP_NAME - assumed 'PWP_NAME' in /srv/www/vrdg/htdocs/wp-content/mu-plugins/wpengine-common/plugin.php on line 447
[07-Oct-2016 03:58:47 UTC] PHP Notice:  Use of undefined constant PWP_NAME - assumed 'PWP_NAME' in /srv/www/vrdg/htdocs/wp-content/mu-plugins/wpengine-common/class.deployment.php on line 17
[07-Oct-2016 03:58:49 UTC] PHP Notice:  Use of undefined constant PWP_NAME - assumed 'PWP_NAME' in /srv/www/vrdg/htdocs/wp-content/mu-plugins/mu-plugin.php on line 89
[07-Oct-2016 03:58:49 UTC] PHP Warning:  Invalid argument supplied for foreach() in /srv/www/vrdg/htdocs/wp-content/mu-plugins/wpengine-common/plugin.php on line 984
[07-Oct-2016 04:00:52 UTC] PHP Warning:  Invalid argument supplied for foreach() in /srv/www/vrdg/htdocs/wp-content/mu-plugins/wpengine-common/plugin.php on line 984
[07-Oct-2016 04:00:53 UTC] PHP Warning:  Invalid argument supplied for foreach() in /srv/www/vrdg/htdocs/wp-content/mu-plugins/wpengine-common/plugin.php on line 984
[07-Oct-2016 04:00:57 UTC] PHP Notice:  Use of undefined constant PWP_NAME - assumed 'PWP_NAME' in /srv/www/vrdg/htdocs/wp-content/mu-plugins/wpengine-common/plugin.php on line 447
[07-Oct-2016 04:00:57 UTC] PHP Notice:  Use of undefined constant PWP_NAME - assumed 'PWP_NAME' in /srv/www/vrdg/htdocs/wp-content/mu-plugins/wpengine-common/class.deployment.php on line 17
[07-Oct-2016 04:00:57 UTC] PHP Notice:  Use of undefined constant PWP_NAME - assumed 'PWP_NAME' in /srv/www/vrdg/htdocs/wp-content/mu-plugins/wpengine-common/plugin.php on line 447
[07-Oct-2016 04:00:57 UTC] PHP Notice:  Use of undefined constant PWP_NAME - assumed 'PWP_NAME' in /srv/www/vrdg/htdocs/wp-content/mu-plugins/wpengine-common/class.deployment.php on line 17
[07-Oct-2016 04:01:15 UTC] PHP Notice:  Use of undefined constant PWP_NAME - assumed 'PWP_NAME' in /srv/www/vrdg/htdocs/wp-content/mu-plugins/wpengine-common/plugin.php on line 447
[07-Oct-2016 04:01:15 UTC] PHP Notice:  Use of undefined constant PWP_NAME - assumed 'PWP_NAME' in /srv/www/vrdg/htdocs/wp-content/mu-plugins/wpengine-common/class.deployment.php on line 17
[07-Oct-2016 04:01:16 UTC] PHP Notice:  Use of undefined constant PWP_NAME - assumed 'PWP_NAME' in /srv/www/vrdg/htdocs/wp-content/mu-plugins/wpengine-common/plugin.php on line 447
[07-Oct-2016 04:01:16 UTC] PHP Notice:  Use of undefined constant PWP_NAME - assumed 'PWP_NAME' in /srv/www/vrdg/htdocs/wp-content/mu-plugins/wpengine-common/class.deployment.php on line 17
[07-Oct-2016 04:01:38 UTC] PHP Warning:  Invalid argument supplied for foreach() in /srv/www/vrdg/htdocs/wp-content/mu-plugins/wpengine-common/plugin.php on line 984
[07-Oct-2016 04:02:26 UTC] PHP Notice:  Use of undefined constant PWP_NAME - assumed 'PWP_NAME' in /srv/www/vrdg/htdocs/wp-content/mu-plugins/wpengine-common/plugin.php on line 447
[07-Oct-2016 04:02:26 UTC] PHP Notice:  Use of undefined constant PWP_NAME - assumed 'PWP_NAME' in /srv/www/vrdg/htdocs/wp-content/mu-plugins/wpengine-common/class.deployment.php on line 17
[07-Oct-2016 04:02:26 UTC] PHP Notice:  Use of undefined constant PWP_NAME - assumed 'PWP_NAME' in /srv/www/vrdg/htdocs/wp-content/mu-plugins/wpengine-common/plugin.php on line 447
[07-Oct-2016 04:02:26 UTC] PHP Notice:  Use of undefined constant PWP_NAME - assumed 'PWP_NAME' in /srv/www/vrdg/htdocs/wp-content/mu-plugins/wpengine-common/class.deployment.php on line 17
[07-Oct-2016 04:02:27 UTC] PHP Notice:  Use of undefined constant PWP_NAME - assumed 'PWP_NAME' in /srv/www/vrdg/htdocs/wp-content/mu-plugins/mu-plugin.php on line 89
[07-Oct-2016 04:02:27 UTC] PHP Warning:  Invalid argument supplied for foreach() in /srv/www/vrdg/htdocs/wp-content/mu-plugins/wpengine-common/plugin.php on line 984
[07-Oct-2016 04:02:41 UTC] PHP Notice:  Use of undefined constant PWP_NAME - assumed 'PWP_NAME' in /srv/www/vrdg/htdocs/wp-content/mu-plugins/mu-plugin.php on line 89
[07-Oct-2016 04:02:41 UTC] PHP Warning:  Invalid argument supplied for foreach() in /srv/www/vrdg/htdocs/wp-content/mu-plugins/wpengine-common/plugin.php on line 984
[07-Oct-2016 04:02:50 UTC] PHP Notice:  Use of undefined constant WPE_APIKEY - assumed 'WPE_APIKEY' in /srv/www/vrdg/htdocs/wp-content/mu-plugins/wpengine-common/plugin.php on line 812
[07-Oct-2016 04:02:50 UTC] PHP Notice:  Use of undefined constant PWP_NAME - assumed 'PWP_NAME' in /srv/www/vrdg/htdocs/wp-content/mu-plugins/wpengine-common/plugin.php on line 447
[07-Oct-2016 04:02:50 UTC] PHP Notice:  Use of undefined constant PWP_NAME - assumed 'PWP_NAME' in /srv/www/vrdg/htdocs/wp-content/mu-plugins/wpengine-common/class.deployment.php on line 17
[07-Oct-2016 04:02:51 UTC] PHP Notice:  Use of undefined constant PWP_NAME - assumed 'PWP_NAME' in /srv/www/vrdg/htdocs/wp-content/mu-plugins/wpengine-common/plugin.php on line 1184
[07-Oct-2016 04:02:51 UTC] PHP Notice:  Use of undefined constant WPE_CLUSTER_ID - assumed 'WPE_CLUSTER_ID' in /srv/www/vrdg/htdocs/wp-content/mu-plugins/wpengine-common/plugin.php on line 1185
[07-Oct-2016 04:02:51 UTC] PHP Warning:  Invalid argument supplied for foreach() in /srv/www/vrdg/htdocs/wp-content/mu-plugins/wpengine-common/plugin.php on line 984
[07-Oct-2016 04:02:52 UTC] PHP Notice:  Use of undefined constant WPE_APIKEY - assumed 'WPE_APIKEY' in /srv/www/vrdg/htdocs/wp-content/mu-plugins/wpengine-common/plugin.php on line 812
[07-Oct-2016 04:02:52 UTC] PHP Notice:  Use of undefined constant PWP_NAME - assumed 'PWP_NAME' in /srv/www/vrdg/htdocs/wp-content/mu-plugins/wpengine-common/plugin.php on line 447
[07-Oct-2016 04:02:52 UTC] PHP Notice:  Use of undefined constant PWP_NAME - assumed 'PWP_NAME' in /srv/www/vrdg/htdocs/wp-content/mu-plugins/wpengine-common/class.deployment.php on line 17
[07-Oct-2016 04:02:55 UTC] PHP Warning:  Invalid argument supplied for foreach() in /srv/www/vrdg/htdocs/wp-content/mu-plugins/wpengine-common/plugin.php on line 984
[07-Oct-2016 04:03:53 UTC] PHP Notice:  Use of undefined constant WPE_APIKEY - assumed 'WPE_APIKEY' in /srv/www/vrdg/htdocs/wp-content/mu-plugins/wpengine-common/plugin.php on line 812
[07-Oct-2016 04:03:53 UTC] PHP Notice:  Use of undefined constant PWP_NAME - assumed 'PWP_NAME' in /srv/www/vrdg/htdocs/wp-content/mu-plugins/wpengine-common/plugin.php on line 447
[07-Oct-2016 04:03:53 UTC] PHP Notice:  Use of undefined constant PWP_NAME - assumed 'PWP_NAME' in /srv/www/vrdg/htdocs/wp-content/mu-plugins/wpengine-common/class.deployment.php on line 17
[07-Oct-2016 04:05:53 UTC] PHP Notice:  Use of undefined constant WPE_APIKEY - assumed 'WPE_APIKEY' in /srv/www/vrdg/htdocs/wp-content/mu-plugins/wpengine-common/plugin.php on line 812
[07-Oct-2016 04:05:53 UTC] PHP Notice:  Use of undefined constant PWP_NAME - assumed 'PWP_NAME' in /srv/www/vrdg/htdocs/wp-content/mu-plugins/wpengine-common/plugin.php on line 447
[07-Oct-2016 04:05:53 UTC] PHP Notice:  Use of undefined constant PWP_NAME - assumed 'PWP_NAME' in /srv/www/vrdg/htdocs/wp-content/mu-plugins/wpengine-common/class.deployment.php on line 17
[07-Oct-2016 04:07:54 UTC] PHP Notice:  Use of undefined constant WPE_APIKEY - assumed 'WPE_APIKEY' in /srv/www/vrdg/htdocs/wp-content/mu-plugins/wpengine-common/plugin.php on line 812
[07-Oct-2016 04:07:54 UTC] PHP Notice:  Use of undefined constant PWP_NAME - assumed 'PWP_NAME' in /srv/www/vrdg/htdocs/wp-content/mu-plugins/wpengine-common/plugin.php on line 447
[07-Oct-2016 04:07:54 UTC] PHP Notice:  Use of undefined constant PWP_NAME - assumed 'PWP_NAME' in /srv/www/vrdg/htdocs/wp-content/mu-plugins/wpengine-common/class.deployment.php on line 17
[07-Oct-2016 04:09:55 UTC] PHP Notice:  Use of undefined constant WPE_APIKEY - assumed 'WPE_APIKEY' in /srv/www/vrdg/htdocs/wp-content/mu-plugins/wpengine-common/plugin.php on line 812
[07-Oct-2016 04:09:55 UTC] PHP Notice:  Use of undefined constant PWP_NAME - assumed 'PWP_NAME' in /srv/www/vrdg/htdocs/wp-content/mu-plugins/wpengine-common/plugin.php on line 447
[07-Oct-2016 04:09:55 UTC] PHP Notice:  Use of undefined constant PWP_NAME - assumed 'PWP_NAME' in /srv/www/vrdg/htdocs/wp-content/mu-plugins/wpengine-common/class.deployment.php on line 17
[07-Oct-2016 04:11:56 UTC] PHP Notice:  Use of undefined constant WPE_APIKEY - assumed 'WPE_APIKEY' in /srv/www/vrdg/htdocs/wp-content/mu-plugins/wpengine-common/plugin.php on line 812
[07-Oct-2016 04:11:56 UTC] PHP Notice:  Use of undefined constant PWP_NAME - assumed 'PWP_NAME' in /srv/www/vrdg/htdocs/wp-content/mu-plugins/wpengine-common/plugin.php on line 447
[07-Oct-2016 04:11:56 UTC] PHP Notice:  Use of undefined constant PWP_NAME - assumed 'PWP_NAME' in /srv/www/vrdg/htdocs/wp-content/mu-plugins/wpengine-common/class.deployment.php on line 17
[07-Oct-2016 04:16:52 UTC] PHP Notice:  Use of undefined constant WPE_APIKEY - assumed 'WPE_APIKEY' in /srv/www/vrdg/htdocs/wp-content/mu-plugins/wpengine-common/plugin.php on line 812
[07-Oct-2016 04:16:52 UTC] PHP Notice:  Use of undefined constant PWP_NAME - assumed 'PWP_NAME' in /srv/www/vrdg/htdocs/wp-content/mu-plugins/wpengine-common/plugin.php on line 447
[07-Oct-2016 04:16:52 UTC] PHP Notice:  Use of undefined constant PWP_NAME - assumed 'PWP_NAME' in /srv/www/vrdg/htdocs/wp-content/mu-plugins/wpengine-common/class.deployment.php on line 17
[07-Oct-2016 04:16:54 UTC] PHP Notice:  Use of undefined constant WPE_APIKEY - assumed 'WPE_APIKEY' in /srv/www/vrdg/htdocs/wp-content/mu-plugins/wpengine-common/plugin.php on line 812
[07-Oct-2016 04:16:54 UTC] PHP Notice:  Use of undefined constant PWP_NAME - assumed 'PWP_NAME' in /srv/www/vrdg/htdocs/wp-content/mu-plugins/wpengine-common/plugin.php on line 447
[07-Oct-2016 04:16:54 UTC] PHP Notice:  Use of undefined constant PWP_NAME - assumed 'PWP_NAME' in /srv/www/vrdg/htdocs/wp-content/mu-plugins/wpengine-common/class.deployment.php on line 17
[07-Oct-2016 04:16:54 UTC] PHP Notice:  Use of undefined constant PWP_NAME - assumed 'PWP_NAME' in /srv/www/vrdg/htdocs/wp-content/mu-plugins/wpengine-common/plugin.php on line 1184
[07-Oct-2016 04:16:54 UTC] PHP Notice:  Use of undefined constant WPE_CLUSTER_ID - assumed 'WPE_CLUSTER_ID' in /srv/www/vrdg/htdocs/wp-content/mu-plugins/wpengine-common/plugin.php on line 1185
[07-Oct-2016 04:16:54 UTC] PHP Warning:  Invalid argument supplied for foreach() in /srv/www/vrdg/htdocs/wp-content/mu-plugins/wpengine-common/plugin.php on line 984
[07-Oct-2016 04:17:57 UTC] PHP Notice:  Use of undefined constant WPE_APIKEY - assumed 'WPE_APIKEY' in /srv/www/vrdg/htdocs/wp-content/mu-plugins/wpengine-common/plugin.php on line 812
[07-Oct-2016 04:17:57 UTC] PHP Notice:  Use of undefined constant PWP_NAME - assumed 'PWP_NAME' in /srv/www/vrdg/htdocs/wp-content/mu-plugins/wpengine-common/plugin.php on line 447
[07-Oct-2016 04:17:57 UTC] PHP Notice:  Use of undefined constant PWP_NAME - assumed 'PWP_NAME' in /srv/www/vrdg/htdocs/wp-content/mu-plugins/wpengine-common/class.deployment.php on line 17
[07-Oct-2016 04:18:58 UTC] PHP Notice:  Use of undefined constant WPE_APIKEY - assumed 'WPE_APIKEY' in /srv/www/vrdg/htdocs/wp-content/mu-plugins/wpengine-common/plugin.php on line 812
[07-Oct-2016 04:18:58 UTC] PHP Notice:  Use of undefined constant PWP_NAME - assumed 'PWP_NAME' in /srv/www/vrdg/htdocs/wp-content/mu-plugins/wpengine-common/plugin.php on line 447
[07-Oct-2016 04:18:58 UTC] PHP Notice:  Use of undefined constant PWP_NAME - assumed 'PWP_NAME' in /srv/www/vrdg/htdocs/wp-content/mu-plugins/wpengine-common/class.deployment.php on line 17
[07-Oct-2016 04:20:58 UTC] PHP Notice:  Use of undefined constant WPE_APIKEY - assumed 'WPE_APIKEY' in /srv/www/vrdg/htdocs/wp-content/mu-plugins/wpengine-common/plugin.php on line 812
[07-Oct-2016 04:20:58 UTC] PHP Notice:  Use of undefined constant PWP_NAME - assumed 'PWP_NAME' in /srv/www/vrdg/htdocs/wp-content/mu-plugins/wpengine-common/plugin.php on line 447
[07-Oct-2016 04:20:58 UTC] PHP Notice:  Use of undefined constant PWP_NAME - assumed 'PWP_NAME' in /srv/www/vrdg/htdocs/wp-content/mu-plugins/wpengine-common/class.deployment.php on line 17
[07-Oct-2016 04:22:59 UTC] PHP Notice:  Use of undefined constant WPE_APIKEY - assumed 'WPE_APIKEY' in /srv/www/vrdg/htdocs/wp-content/mu-plugins/wpengine-common/plugin.php on line 812
[07-Oct-2016 04:22:59 UTC] PHP Notice:  Use of undefined constant PWP_NAME - assumed 'PWP_NAME' in /srv/www/vrdg/htdocs/wp-content/mu-plugins/wpengine-common/plugin.php on line 447
[07-Oct-2016 04:22:59 UTC] PHP Notice:  Use of undefined constant PWP_NAME - assumed 'PWP_NAME' in /srv/www/vrdg/htdocs/wp-content/mu-plugins/wpengine-common/class.deployment.php on line 17
[07-Oct-2016 04:25:00 UTC] PHP Notice:  Use of undefined constant WPE_APIKEY - assumed 'WPE_APIKEY' in /srv/www/vrdg/htdocs/wp-content/mu-plugins/wpengine-common/plugin.php on line 812
[07-Oct-2016 04:25:00 UTC] PHP Notice:  Use of undefined constant PWP_NAME - assumed 'PWP_NAME' in /srv/www/vrdg/htdocs/wp-content/mu-plugins/wpengine-common/plugin.php on line 447
[07-Oct-2016 04:25:00 UTC] PHP Notice:  Use of undefined constant PWP_NAME - assumed 'PWP_NAME' in /srv/www/vrdg/htdocs/wp-content/mu-plugins/wpengine-common/class.deployment.php on line 17
[07-Oct-2016 04:27:00 UTC] PHP Notice:  Use of undefined constant WPE_APIKEY - assumed 'WPE_APIKEY' in /srv/www/vrdg/htdocs/wp-content/mu-plugins/wpengine-common/plugin.php on line 812
[07-Oct-2016 04:27:00 UTC] PHP Notice:  Use of undefined constant PWP_NAME - assumed 'PWP_NAME' in /srv/www/vrdg/htdocs/wp-content/mu-plugins/wpengine-common/plugin.php on line 447
[07-Oct-2016 04:27:00 UTC] PHP Notice:  Use of undefined constant PWP_NAME - assumed 'PWP_NAME' in /srv/www/vrdg/htdocs/wp-content/mu-plugins/wpengine-common/class.deployment.php on line 17
[07-Oct-2016 04:51:41 UTC] PHP Notice:  Use of undefined constant WPE_APIKEY - assumed 'WPE_APIKEY' in /srv/www/vrdg/htdocs/wp-content/mu-plugins/wpengine-common/plugin.php on line 812
[07-Oct-2016 04:51:41 UTC] PHP Notice:  Use of undefined constant WPE_APIKEY - assumed 'WPE_APIKEY' in /srv/www/vrdg/htdocs/wp-content/mu-plugins/wpengine-common/plugin.php on line 812
[07-Oct-2016 04:51:41 UTC] PHP Warning:  Invalid argument supplied for foreach() in /srv/www/vrdg/htdocs/wp-content/mu-plugins/wpengine-common/plugin.php on line 984
[07-Oct-2016 04:51:41 UTC] PHP Warning:  Invalid argument supplied for foreach() in /srv/www/vrdg/htdocs/wp-content/mu-plugins/wpengine-common/plugin.php on line 984
[07-Oct-2016 04:51:43 UTC] PHP Notice:  Use of undefined constant WPE_APIKEY - assumed 'WPE_APIKEY' in /srv/www/vrdg/htdocs/wp-content/mu-plugins/wpengine-common/plugin.php on line 812
[07-Oct-2016 04:51:43 UTC] PHP Warning:  Invalid argument supplied for foreach() in /srv/www/vrdg/htdocs/wp-content/mu-plugins/wpengine-common/plugin.php on line 984
[07-Oct-2016 04:51:44 UTC] PHP Notice:  Use of undefined constant WPE_APIKEY - assumed 'WPE_APIKEY' in /srv/www/vrdg/htdocs/wp-content/mu-plugins/wpengine-common/plugin.php on line 812
[07-Oct-2016 04:51:48 UTC] PHP Notice:  Use of undefined constant WPE_APIKEY - assumed 'WPE_APIKEY' in /srv/www/vrdg/htdocs/wp-content/mu-plugins/wpengine-common/plugin.php on line 812
[07-Oct-2016 04:51:48 UTC] PHP Warning:  Invalid argument supplied for foreach() in /srv/www/vrdg/htdocs/wp-content/mu-plugins/wpengine-common/plugin.php on line 984
[07-Oct-2016 04:51:49 UTC] PHP Notice:  Use of undefined constant WPE_APIKEY - assumed 'WPE_APIKEY' in /srv/www/vrdg/htdocs/wp-content/mu-plugins/wpengine-common/plugin.php on line 812
[07-Oct-2016 04:51:49 UTC] PHP Warning:  Invalid argument supplied for foreach() in /srv/www/vrdg/htdocs/wp-content/mu-plugins/wpengine-common/plugin.php on line 984
[07-Oct-2016 04:51:52 UTC] PHP Notice:  Use of undefined constant WPE_APIKEY - assumed 'WPE_APIKEY' in /srv/www/vrdg/htdocs/wp-content/mu-plugins/wpengine-common/plugin.php on line 812
[07-Oct-2016 04:51:53 UTC] PHP Warning:  Invalid argument supplied for foreach() in /srv/www/vrdg/htdocs/wp-content/mu-plugins/wpengine-common/plugin.php on line 984
[07-Oct-2016 04:51:53 UTC] PHP Notice:  Use of undefined constant WPE_APIKEY - assumed 'WPE_APIKEY' in /srv/www/vrdg/htdocs/wp-content/mu-plugins/wpengine-common/plugin.php on line 812
[07-Oct-2016 04:51:54 UTC] PHP Warning:  Invalid argument supplied for foreach() in /srv/www/vrdg/htdocs/wp-content/mu-plugins/wpengine-common/plugin.php on line 984
[07-Oct-2016 04:53:18 UTC] PHP Notice:  Use of undefined constant WPE_APIKEY - assumed 'WPE_APIKEY' in /srv/www/vrdg/htdocs/wp-content/mu-plugins/wpengine-common/plugin.php on line 812
[07-Oct-2016 04:53:18 UTC] PHP Warning:  Invalid argument supplied for foreach() in /srv/www/vrdg/htdocs/wp-content/mu-plugins/wpengine-common/plugin.php on line 984
[07-Oct-2016 04:53:19 UTC] PHP Notice:  Use of undefined constant WPE_APIKEY - assumed 'WPE_APIKEY' in /srv/www/vrdg/htdocs/wp-content/mu-plugins/wpengine-common/plugin.php on line 812
[07-Oct-2016 04:53:19 UTC] PHP Warning:  Invalid argument supplied for foreach() in /srv/www/vrdg/htdocs/wp-content/mu-plugins/wpengine-common/plugin.php on line 984
[07-Oct-2016 04:53:25 UTC] PHP Notice:  Use of undefined constant WPE_APIKEY - assumed 'WPE_APIKEY' in /srv/www/vrdg/htdocs/wp-content/mu-plugins/wpengine-common/plugin.php on line 812
[07-Oct-2016 04:53:25 UTC] PHP Warning:  Invalid argument supplied for foreach() in /srv/www/vrdg/htdocs/wp-content/mu-plugins/wpengine-common/plugin.php on line 984
[07-Oct-2016 04:53:26 UTC] PHP Notice:  Use of undefined constant WPE_APIKEY - assumed 'WPE_APIKEY' in /srv/www/vrdg/htdocs/wp-content/mu-plugins/wpengine-common/plugin.php on line 812
[07-Oct-2016 04:53:26 UTC] PHP Warning:  Invalid argument supplied for foreach() in /srv/www/vrdg/htdocs/wp-content/mu-plugins/wpengine-common/plugin.php on line 984
[07-Oct-2016 04:53:46 UTC] PHP Notice:  Use of undefined constant WPE_APIKEY - assumed 'WPE_APIKEY' in /srv/www/vrdg/htdocs/wp-content/mu-plugins/wpengine-common/plugin.php on line 812
[07-Oct-2016 04:53:46 UTC] PHP Warning:  Invalid argument supplied for foreach() in /srv/www/vrdg/htdocs/wp-content/mu-plugins/wpengine-common/plugin.php on line 984
[07-Oct-2016 04:53:47 UTC] PHP Notice:  Use of undefined constant WPE_APIKEY - assumed 'WPE_APIKEY' in /srv/www/vrdg/htdocs/wp-content/mu-plugins/wpengine-common/plugin.php on line 812
[07-Oct-2016 04:53:47 UTC] PHP Warning:  Invalid argument supplied for foreach() in /srv/www/vrdg/htdocs/wp-content/mu-plugins/wpengine-common/plugin.php on line 984
[07-Oct-2016 04:54:44 UTC] PHP Notice:  Use of undefined constant WPE_APIKEY - assumed 'WPE_APIKEY' in /srv/www/vrdg/htdocs/wp-content/mu-plugins/wpengine-common/plugin.php on line 812
[07-Oct-2016 04:54:45 UTC] PHP Warning:  Invalid argument supplied for foreach() in /srv/www/vrdg/htdocs/wp-content/mu-plugins/wpengine-common/plugin.php on line 984
[07-Oct-2016 04:57:42 UTC] PHP Notice:  Use of undefined constant WPE_APIKEY - assumed 'WPE_APIKEY' in /srv/www/vrdg/htdocs/wp-content/mu-plugins/wpengine-common/plugin.php on line 812
[07-Oct-2016 04:57:42 UTC] PHP Warning:  Invalid argument supplied for foreach() in /srv/www/vrdg/htdocs/wp-content/mu-plugins/wpengine-common/plugin.php on line 984
[07-Oct-2016 04:57:43 UTC] PHP Notice:  Use of undefined constant WPE_APIKEY - assumed 'WPE_APIKEY' in /srv/www/vrdg/htdocs/wp-content/mu-plugins/wpengine-common/plugin.php on line 812
[07-Oct-2016 04:57:43 UTC] PHP Notice:  Use of undefined constant WPE_APIKEY - assumed 'WPE_APIKEY' in /srv/www/vrdg/htdocs/wp-content/mu-plugins/wpengine-common/plugin.php on line 812
[07-Oct-2016 04:57:44 UTC] PHP Warning:  Invalid argument supplied for foreach() in /srv/www/vrdg/htdocs/wp-content/mu-plugins/wpengine-common/plugin.php on line 984
[07-Oct-2016 04:57:44 UTC] PHP Warning:  Invalid argument supplied for foreach() in /srv/www/vrdg/htdocs/wp-content/mu-plugins/wpengine-common/plugin.php on line 984
[07-Oct-2016 05:00:13 UTC] PHP Notice:  Use of undefined constant WPE_APIKEY - assumed 'WPE_APIKEY' in /srv/www/vrdg/htdocs/wp-content/mu-plugins/wpengine-common/plugin.php on line 812
[07-Oct-2016 05:00:14 UTC] PHP Warning:  Invalid argument supplied for foreach() in /srv/www/vrdg/htdocs/wp-content/mu-plugins/wpengine-common/plugin.php on line 984
[07-Oct-2016 05:00:14 UTC] PHP Notice:  Use of undefined constant WPE_APIKEY - assumed 'WPE_APIKEY' in /srv/www/vrdg/htdocs/wp-content/mu-plugins/wpengine-common/plugin.php on line 812
[07-Oct-2016 05:00:15 UTC] PHP Warning:  Invalid argument supplied for foreach() in /srv/www/vrdg/htdocs/wp-content/mu-plugins/wpengine-common/plugin.php on line 984
[07-Oct-2016 05:02:15 UTC] PHP Notice:  Use of undefined constant WPE_APIKEY - assumed 'WPE_APIKEY' in /srv/www/vrdg/htdocs/wp-content/mu-plugins/wpengine-common/plugin.php on line 812
[07-Oct-2016 05:02:15 UTC] PHP Warning:  Invalid argument supplied for foreach() in /srv/www/vrdg/htdocs/wp-content/mu-plugins/wpengine-common/plugin.php on line 984
[07-Oct-2016 05:02:42 UTC] PHP Notice:  Use of undefined constant WPE_APIKEY - assumed 'WPE_APIKEY' in /srv/www/vrdg/htdocs/wp-content/mu-plugins/wpengine-common/plugin.php on line 812
[07-Oct-2016 05:02:42 UTC] PHP Warning:  Invalid argument supplied for foreach() in /srv/www/vrdg/htdocs/wp-content/mu-plugins/wpengine-common/plugin.php on line 984
[07-Oct-2016 05:02:46 UTC] PHP Notice:  Use of undefined constant WPE_APIKEY - assumed 'WPE_APIKEY' in /srv/www/vrdg/htdocs/wp-content/mu-plugins/wpengine-common/plugin.php on line 812
[07-Oct-2016 05:02:46 UTC] PHP Warning:  Invalid argument supplied for foreach() in /srv/www/vrdg/htdocs/wp-content/mu-plugins/wpengine-common/plugin.php on line 984
[07-Oct-2016 05:02:58 UTC] PHP Notice:  Use of undefined constant WPE_APIKEY - assumed 'WPE_APIKEY' in /srv/www/vrdg/htdocs/wp-content/mu-plugins/wpengine-common/plugin.php on line 812
[07-Oct-2016 05:02:58 UTC] PHP Warning:  Invalid argument supplied for foreach() in /srv/www/vrdg/htdocs/wp-content/mu-plugins/wpengine-common/plugin.php on line 984
